<?xml version="1.0" encoding="UTF-8"?>
<!-- Generated by org.testng.reporters.JUnitReportReporter -->
<testsuite hostname="LAPTOP-1OBMGGUV" failures="0" tests="1" name="Test.SeleniumAutomation.DiscountTest" time="7.387" errors="0" timestamp="2021-12-10T12:28:08 IST" skipped="0">
  <testcase classname="Test.SeleniumAutomation.DiscountTest" name="f" time="7.387"/>
  <system-out/>
</testsuite> <!-- Test.SeleniumAutomation.DiscountTest -->
